<?xml version="1.0" encoding="UTF-8"?>
<!-- Generated by org.testng.reporters.JUnitReportReporter -->
<testsuite hostname="Rashmika-PC" name="com.orangehrm_hybridframework5.testCase.Login_TC001" tests="2" failures="0" timestamp="9 Aug 2021 13:36:48 GMT" time="11.372" errors="0">
  <testcase name="loginTC_001" time="9.046" classname="com.orangehrm_hybridframework5.testCase.Login_TC001"/>
  <testcase name="loginTC_002" time="2.326" classname="com.orangehrm_hybridframework5.testCase.Login_TC001"/>
</testsuite> <!-- com.orangehrm_hybridframework5.testCase.Login_TC001 -->
